Starting to send mails on 19.12.2020 23:49:18
Bader@suso.schulen.konstanz.de 19.12.2020 23:49:18
benkelmann@suso.schulen.konstanz.de 19.12.2020 23:49:18
braendlein-eck@suso.schulen.konstanz.de 19.12.2020 23:49:18
*****************************************************
Starting to send mails on 19.12.2020 23:49:43
*****************************************************
Starting to send mails on 19.12.2020 23:50:12
benkelmann@suso.schulen.konstanz.de 19.12.2020 23:50:12
*****************************************************
Starting to send mails on 19.12.2020 23:59:36
benkelmann@suso.schulen.konstanz.de 19.12.2020 23:59:36
*****************************************************
Starting to send mails on 20.12.2020 00:29:13
*****************************************************
Starting to send mails on 20.12.2020 00:29:16
*****************************************************
Starting to send mails on 20.12.2020 00:30:46
*****************************************************
Starting to send mails on 20.12.2020 00:32:45
*****************************************************
Starting to send mails on 20.12.2020 00:36:41
*****************************************************
Starting to send mails on 20.12.2020 00:36:45
*****************************************************
Starting to send mails on 20.12.2020 00:37:56
*****************************************************
Starting to send mails on 20.12.2020 00:38:28
*****************************************************
Starting to send mails on 20.12.2020 00:38:36
*****************************************************
Starting to send mails on 20.12.2020 00:39:07
*****************************************************
Starting to send mails on 20.12.2020 00:39:09
*****************************************************
Starting to send mails on 20.12.2020 00:39:11
*****************************************************
Starting to send mails on 20.12.2020 00:39:45
*****************************************************
Starting to send mails on 20.12.2020 00:39:50
*****************************************************
Starting to send mails on 20.12.2020 00:39:51
*****************************************************
Starting to send mails on 20.12.2020 00:39:52
*****************************************************
Starting to send mails on 20.12.2020 00:39:53
*****************************************************
Starting to send mails on 20.12.2020 00:39:54
*****************************************************
Starting to send mails on 20.12.2020 00:39:59
*****************************************************
Starting to send mails on 20.12.2020 00:40:09
*****************************************************
Starting to send mails on 20.12.2020 00:40:11
*****************************************************
Starting to send mails on 20.12.2020 00:40:12
*****************************************************
Starting to send mails on 20.12.2020 00:40:15
*****************************************************
Starting to send mails on 20.12.2020 00:40:16
*****************************************************
Starting to send mails on 20.12.2020 00:40:17
*****************************************************
Starting to send mails on 20.12.2020 00:40:21
*****************************************************
Starting to send mails on 20.12.2020 00:42:25
Bader@suso.schulen.konstanz.de 20.12.2020 00:42:25
Hartleitner@suso.schulen.konstanz.de 20.12.2020 00:42:25
braendlein-eck@suso.schulen.konstanz.de 20.12.2020 00:42:25
*****************************************************
Starting to send mails on 20.12.2020 00:43:48
Bader@suso.schulen.konstanz.de 20.12.2020 00:43:48
Hartleitner@suso.schulen.konstanz.de 20.12.2020 00:43:48
braendlein-eck@suso.schulen.konstanz.de 20.12.2020 00:43:48
*****************************************************
Starting to send mails on 20.12.2020 13:57:17
....failure.Could not instantiate mail function. Trying to reach Hartleitner@suso.schulen.konstanz.de 20.12.2020 13:57:19
*****************************************************
Starting to send mails on 20.12.2020 15:18:17
*****************************************************
Starting to send mails on 20.12.2020 15:21:26
*****************************************************
Starting to send mails on 20.12.2020 15:22:25
*****************************************************
Starting to send mails on 20.12.2020 15:35:01
....failure.Could not instantiate mail function. Trying to reach Bader@suso.schulen.konstanz.de 20.12.2020 15:35:03
*****************************************************
